# JRE version: Java(TM) SE Runtime Environment (8.0_20-b17) (build 1.8.0_20-ea-b17)
# Java VM: Java HotSpot(TM) 64-Bit Server VM (25.20-b17 mixed mode windows-amd64 compressed oops)
Heap:
 PSYoungGen      total 166400K, used 48149K [0x00000000f0000000, 0x00000000fbd00000, 0x0000000100000000)
  eden space 153088K, 31% used [0x00000000f0000000,0x00000000f2f05558,0x00000000f9580000)
  from space 13312K, 0% used [0x00000000fa700000,0x00000000fa700000,0x00000000fb400000)
  to   space 17920K, 0% used [0x00000000f9580000,0x00000000f9580000,0x00000000fa700000)
 ParOldGen       total 72704K, used 28075K [0x00000000d0000000, 0x00000000d4700000, 0x00000000f0000000)
  object space 72704K, 38% used [0x00000000d0000000,0x00000000d1b6ae80,0x00000000d4700000)
 Metaspace       used 24776K, capacity 25338K, committed 25472K, reserved 1071104K
  class space    used 2945K, capacity 3131K, committed 3200K, reserved 1048576K
GC Heap History (10 events):
Event: 8.974 GC heap before
{Heap before GC invocations=7 (full 0):
 PSYoungGen      total 55808K, used 54768K [0x00000000f0000000, 0x00000000f3d00000, 0x0000000100000000)
  eden space 49152K, 100% used [0x00000000f0000000,0x00000000f3000000,0x00000000f3000000)
  from space 6656K, 84% used [0x00000000f3680000,0x00000000f3bfc030,0x00000000f3d00000)
  to   space 6656K, 0% used [0x00000000f3000000,0x00000000f3000000,0x00000000f3680000)
 ParOldGen       total 65536K, used 5311K [0x00000000d0000000, 0x00000000d4000000, 0x00000000f0000000)
  object space 65536K, 8% used [0x00000000d0000000,0x00000000d052fd70,0x00000000d4000000)
 Metaspace       used 15553K, capacity 15878K, committed 16128K, reserved 1062912K
  class space    used 1843K, capacity 1983K, committed 2048K, reserved 1048576K
Event: 9.006 GC heap after
Heap after GC invocations=7 (full 0):
 PSYoungGen      total 55808K, used 6640K [0x00000000f0000000, 0x00000000f7300000, 0x0000000100000000)
  eden space 49152K, 0% used [0x00000000f0000000,0x00000000f0000000,0x00000000f3000000)
  from space 6656K, 99% used [0x00000000f3000000,0x00000000f367c010,0x00000000f3680000)
  to   space 9728K, 0% used [0x00000000f6980000,0x00000000f6980000,0x00000000f7300000)
 ParOldGen       total 65536K, used 10045K [0x00000000d0000000, 0x00000000d4000000, 0x00000000f0000000)
  object space 65536K, 15% used [0x00000000d0000000,0x00000000d09cf568,0x00000000d4000000)
 Metaspace       used 15553K, capacity 15878K, committed 16128K, reserved 1062912K
  class space    used 1843K, capacity 1983K, committed 2048K, reserved 1048576K
}
Event: 9.739 GC heap before
{Heap before GC invocations=8 (full 0):
 PSYoungGen      total 55808K, used 55792K [0x00000000f0000000, 0x00000000f7300000, 0x0000000100000000)
  eden space 49152K, 100% used [0x00000000f0000000,0x00000000f3000000,0x00000000f3000000)
  from space 6656K, 99% used [0x00000000f3000000,0x00000000f367c010,0x00000000f3680000)
  to   space 9728K, 0% used [0x00000000f6980000,0x00000000f6980000,0x00000000f7300000)
 ParOldGen       total 65536K, used 10045K [0x00000000d0000000, 0x00000000d4000000, 0x00000000f0000000)
  object space 65536K, 15% used [0x00000000d0000000,0x00000000d09cf568,0x00000000d4000000)
 Metaspace       used 15824K, capacity 16088K, committed 16384K, reserved 1062912K
  class space    used 1847K, capacity 1986K, committed 2048K, reserved 1048576K
Event: 9.770 GC heap after
Heap after GC invocations=8 (full 0):
 PSYoungGen      total 108032K, used 7680K [0x00000000f0000000, 0x00000000f7300000, 0x0000000100000000)
  eden space 98304K, 0% used [0x00000000f0000000,0x00000000f0000000,0x00000000f6000000)
  from space 9728K, 78% used [0x00000000f6980000,0x00000000f7100000,0x00000000f7300000)
  to   space 9728K, 0% used [0x00000000f6000000,0x00000000f6000000,0x00000000f6980000)
 ParOldGen       total 65536K, used 11879K [0x00000000d0000000, 0x00000000d4000000, 0x00000000f0000000)
  object space 65536K, 18% used [0x00000000d0000000,0x00000000d0b99da8,0x00000000d4000000)
 Metaspace       used 15824K, capacity 16088K, committed 16384K, reserved 1062912K
  class space    used 1847K, capacity 1986K, committed 2048K, reserved 1048576K
}
Event: 21.106 GC heap before
{Heap before GC invocations=9 (full 0):
 PSYoungGen      total 108032K, used 105984K [0x00000000f0000000, 0x00000000f7300000, 0x0000000100000000)
  eden space 98304K, 100% used [0x00000000f0000000,0x00000000f6000000,0x00000000f6000000)
  from space 9728K, 78% used [0x00000000f6980000,0x00000000f7100000,0x00000000f7300000)
  to   space 9728K, 0% used [0x00000000f6000000,0x00000000f6000000,0x00000000f6980000)
 ParOldGen       total 65536K, used 11879K [0x00000000d0000000, 0x00000000d4000000, 0x00000000f0000000)
  object space 65536K, 18% used [0x00000000d0000000,0x00000000d0b99da8,0x00000000d4000000)
 Metaspace       used 19631K, capacity 20024K, committed 20224K, reserved 1067008K
  class space    used 2317K, capacity 2490K, committed 2560K, reserved 1048576K
Event: 21.227 GC heap after
Heap after GC invocations=9 (full 0):
 PSYoungGen      total 108032K, used 9697K [0x00000000f0000000, 0x00000000fb400000, 0x0000000100000000)
  eden space 98304K, 0% used [0x00000000f0000000,0x00000000f0000000,0x00000000f6000000)
  from space 9728K, 99% used [0x00000000f6000000,0x00000000f6978690,0x00000000f6980000)
  to   space 13312K, 0% used [0x00000000fa700000,0x00000000fa700000,0x00000000fb400000)
 ParOldGen       total 65536K, used 17643K [0x00000000d0000000, 0x00000000d4000000, 0x00000000f0000000)
  object space 65536K, 26% used [0x00000000d0000000,0x00000000d113aec0,0x00000000d4000000)
 Metaspace       used 19631K, capacity 20024K, committed 20224K, reserved 1067008K
  class space    used 2317K, capacity 2490K, committed 2560K, reserved 1048576K
}
Event: 22.329 GC heap before
{Heap before GC invocations=10 (full 0):
 PSYoungGen      total 108032K, used 68140K [0x00000000f0000000, 0x00000000fb400000, 0x0000000100000000)
  eden space 98304K, 59% used [0x00000000f0000000,0x00000000f3912bc8,0x00000000f6000000)
  from space 9728K, 99% used [0x00000000f6000000,0x00000000f6978690,0x00000000f6980000)
  to   space 13312K, 0% used [0x00000000fa700000,0x00000000fa700000,0x00000000fb400000)
 ParOldGen       total 65536K, used 17643K [0x00000000d0000000, 0x00000000d4000000, 0x00000000f0000000)
  object space 65536K, 26% used [0x00000000d0000000,0x00000000d113aec0,0x00000000d4000000)
 Metaspace       used 20604K, capacity 21072K, committed 21296K, reserved 1069056K
  class space    used 2406K, capacity 2562K, committed 2688K, reserved 1048576K
Event: 22.412 GC heap after
Heap after GC invocations=10 (full 0):
 PSYoungGen      total 166400K, used 13291K [0x00000000f0000000, 0x00000000fbd00000, 0x0000000100000000)
  eden space 153088K, 0% used [0x00000000f0000000,0x00000000f0000000,0x00000000f9580000)
  from space 13312K, 99% used [0x00000000fa700000,0x00000000fb3fad18,0x00000000fb400000)
  to   space 17920K, 0% used [0x00000000f9580000,0x00000000f9580000,0x00000000fa700000)
 ParOldGen       total 65536K, used 25517K [0x00000000d0000000, 0x00000000d4000000, 0x00000000f0000000)
  object space 65536K, 38% used [0x00000000d0000000,0x00000000d18eb4f8,0x00000000d4000000)
 Metaspace       used 20604K, capacity 21072K, committed 21296K, reserved 1069056K
  class space    used 2406K, capacity 2562K, committed 2688K, reserved 1048576K
}
Event: 22.412 GC heap before
{Heap before GC invocations=11 (full 1):
 PSYoungGen      total 166400K, used 13291K [0x00000000f0000000, 0x00000000fbd00000, 0x0000000100000000)
  eden space 153088K, 0% used [0x00000000f0000000,0x00000000f0000000,0x00000000f9580000)
  from space 13312K, 99% used [0x00000000fa700000,0x00000000fb3fad18,0x00000000fb400000)
  to   space 17920K, 0% used [0x00000000f9580000,0x00000000f9580000,0x00000000fa700000)
 ParOldGen       total 65536K, used 25517K [0x00000000d0000000, 0x00000000d4000000, 0x00000000f0000000)
  object space 65536K, 38% used [0x00000000d0000000,0x00000000d18eb4f8,0x00000000d4000000)
 Metaspace       used 20604K, capacity 21072K, committed 21296K, reserved 1069056K
  class space    used 2406K, capacity 2562K, committed 2688K, reserved 1048576K
Event: 23.273 GC heap after
Heap after GC invocations=11 (full 1):
 PSYoungGen      total 166400K, used 0K [0x00000000f0000000, 0x00000000fbd00000, 0x0000000100000000)
  eden space 153088K, 0% used [0x00000000f0000000,0x00000000f0000000,0x00000000f9580000)
  from space 13312K, 0% used [0x00000000fa700000,0x00000000fa700000,0x00000000fb400000)
  to   space 17920K, 0% used [0x00000000f9580000,0x00000000f9580000,0x00000000fa700000)
 ParOldGen       total 72704K, used 28075K [0x00000000d0000000, 0x00000000d4700000, 0x00000000f0000000)
  object space 72704K, 38% used [0x00000000d0000000,0x00000000d1b6ae80,0x00000000d4700000)
 Metaspace       used 20604K, capacity 21072K, committed 21296K, reserved 1069056K
  class space    used 2406K, capacity 2562K, committed 2688K, reserved 1048576K
}

