# JRE version: Java(TM) SE Runtime Environment (8.0_20-b17) (build 1.8.0_20-ea-b17)
# Java VM: Java HotSpot(TM) 64-Bit Server VM (25.20-b17 mixed mode windows-amd64 compressed oops)
Heap:
 PSYoungGen      total 240128K, used 59972K [0x00000000f0000000, 0x0000000100000000, 0x0000000100000000)
  eden space 220160K, 20% used [0x00000000f0000000,0x00000000f2b09fe8,0x00000000fd700000)
  from space 19968K, 79% used [0x00000000fec80000,0x00000000ffc07290,0x0000000100000000)
  to   space 20992K, 0% used [0x00000000fd700000,0x00000000fd700000,0x00000000feb80000)
 ParOldGen       total 70144K, used 27875K [0x00000000d0000000, 0x00000000d4480000, 0x00000000f0000000)
  object space 70144K, 39% used [0x00000000d0000000,0x00000000d1b38fa0,0x00000000d4480000)
 Metaspace       used 28843K, capacity 29406K, committed 29568K, reserved 1075200K
  class space    used 3434K, capacity 3651K, committed 3712K, reserved 1048576K
GC Heap History (10 events):
Event: 27.980 GC heap before
{Heap before GC invocations=7 (full 0):
 PSYoungGen      total 103424K, used 103392K [0x00000000f0000000, 0x00000000f7400000, 0x0000000100000000)
  eden space 95744K, 100% used [0x00000000f0000000,0x00000000f5d80000,0x00000000f5d80000)
  from space 7680K, 99% used [0x00000000f6780000,0x00000000f6ef8020,0x00000000f6f00000)
  to   space 10240K, 0% used [0x00000000f5d80000,0x00000000f5d80000,0x00000000f6780000)
 ParOldGen       total 65536K, used 9204K [0x00000000d0000000, 0x00000000d4000000, 0x00000000f0000000)
  object space 65536K, 14% used [0x00000000d0000000,0x00000000d08fd008,0x00000000d4000000)
 Metaspace       used 16401K, capacity 16820K, committed 17024K, reserved 1064960K
  class space    used 1938K, capacity 2098K, committed 2176K, reserved 1048576K
Event: 28.068 GC heap after
Heap after GC invocations=7 (full 0):
 PSYoungGen      total 105984K, used 10210K [0x00000000f0000000, 0x00000000fd500000, 0x0000000100000000)
  eden space 95744K, 0% used [0x00000000f0000000,0x00000000f0000000,0x00000000f5d80000)
  from space 10240K, 99% used [0x00000000f5d80000,0x00000000f6778b60,0x00000000f6780000)
  to   space 13312K, 0% used [0x00000000fc800000,0x00000000fc800000,0x00000000fd500000)
 ParOldGen       total 65536K, used 12294K [0x00000000d0000000, 0x00000000d4000000, 0x00000000f0000000)
  object space 65536K, 18% used [0x00000000d0000000,0x00000000d0c01ab0,0x00000000d4000000)
 Metaspace       used 16401K, capacity 16820K, committed 17024K, reserved 1064960K
  class space    used 1938K, capacity 2098K, committed 2176K, reserved 1048576K
}
Event: 32.024 GC heap before
{Heap before GC invocations=8 (full 0):
 PSYoungGen      total 105984K, used 105954K [0x00000000f0000000, 0x00000000fd500000, 0x0000000100000000)
  eden space 95744K, 100% used [0x00000000f0000000,0x00000000f5d80000,0x00000000f5d80000)
  from space 10240K, 99% used [0x00000000f5d80000,0x00000000f6778b60,0x00000000f6780000)
  to   space 13312K, 0% used [0x00000000fc800000,0x00000000fc800000,0x00000000fd500000)
 ParOldGen       total 65536K, used 12294K [0x00000000d0000000, 0x00000000d4000000, 0x00000000f0000000)
  object space 65536K, 18% used [0x00000000d0000000,0x00000000d0c01ab0,0x00000000d4000000)
 Metaspace       used 19964K, capacity 20356K, committed 20480K, reserved 1067008K
  class space    used 2338K, capacity 2490K, committed 2560K, reserved 1048576K
Event: 32.111 GC heap after
Heap after GC invocations=8 (full 0):
 PSYoungGen      total 197120K, used 13310K [0x00000000f0000000, 0x00000000fe400000, 0x0000000100000000)
  eden space 183808K, 0% used [0x00000000f0000000,0x00000000f0000000,0x00000000fb380000)
  from space 13312K, 99% used [0x00000000fc800000,0x00000000fd4ff808,0x00000000fd500000)
  to   space 20992K, 0% used [0x00000000fb380000,0x00000000fb380000,0x00000000fc800000)
 ParOldGen       total 65536K, used 25553K [0x00000000d0000000, 0x00000000d4000000, 0x00000000f0000000)
  object space 65536K, 38% used [0x00000000d0000000,0x00000000d18f4598,0x00000000d4000000)
 Metaspace       used 19964K, capacity 20356K, committed 20480K, reserved 1067008K
  class space    used 2338K, capacity 2490K, committed 2560K, reserved 1048576K
}
Event: 32.745 GC heap before
{Heap before GC invocations=9 (full 0):
 PSYoungGen      total 197120K, used 20737K [0x00000000f0000000, 0x00000000fe400000, 0x0000000100000000)
  eden space 183808K, 4% used [0x00000000f0000000,0x00000000f0740f00,0x00000000fb380000)
  from space 13312K, 99% used [0x00000000fc800000,0x00000000fd4ff808,0x00000000fd500000)
  to   space 20992K, 0% used [0x00000000fb380000,0x00000000fb380000,0x00000000fc800000)
 ParOldGen       total 65536K, used 25553K [0x00000000d0000000, 0x00000000d4000000, 0x00000000f0000000)
  object space 65536K, 38% used [0x00000000d0000000,0x00000000d18f4598,0x00000000d4000000)
 Metaspace       used 20682K, capacity 21116K, committed 21296K, reserved 1069056K
  class space    used 2416K, capacity 2594K, committed 2688K, reserved 1048576K
Event: 32.794 GC heap after
Heap after GC invocations=9 (full 0):
 PSYoungGen      total 204800K, used 9615K [0x00000000f0000000, 0x0000000100000000, 0x0000000100000000)
  eden space 183808K, 0% used [0x00000000f0000000,0x00000000f0000000,0x00000000fb380000)
  from space 20992K, 45% used [0x00000000fb380000,0x00000000fbce3f88,0x00000000fc800000)
  to   space 19968K, 0% used [0x00000000fec80000,0x00000000fec80000,0x0000000100000000)
 ParOldGen       total 65536K, used 29763K [0x00000000d0000000, 0x00000000d4000000, 0x00000000f0000000)
  object space 65536K, 45% used [0x00000000d0000000,0x00000000d1d10e30,0x00000000d4000000)
 Metaspace       used 20682K, capacity 21116K, committed 21296K, reserved 1069056K
  class space    used 2416K, capacity 2594K, committed 2688K, reserved 1048576K
}
Event: 32.795 GC heap before
{Heap before GC invocations=10 (full 1):
 PSYoungGen      total 204800K, used 9615K [0x00000000f0000000, 0x0000000100000000, 0x0000000100000000)
  eden space 183808K, 0% used [0x00000000f0000000,0x00000000f0000000,0x00000000fb380000)
  from space 20992K, 45% used [0x00000000fb380000,0x00000000fbce3f88,0x00000000fc800000)
  to   space 19968K, 0% used [0x00000000fec80000,0x00000000fec80000,0x0000000100000000)
 ParOldGen       total 65536K, used 29763K [0x00000000d0000000, 0x00000000d4000000, 0x00000000f0000000)
  object space 65536K, 45% used [0x00000000d0000000,0x00000000d1d10e30,0x00000000d4000000)
 Metaspace       used 20682K, capacity 21116K, committed 21296K, reserved 1069056K
  class space    used 2416K, capacity 2594K, committed 2688K, reserved 1048576K
Event: 33.306 GC heap after
Heap after GC invocations=10 (full 1):
 PSYoungGen      total 204800K, used 0K [0x00000000f0000000, 0x0000000100000000, 0x0000000100000000)
  eden space 183808K, 0% used [0x00000000f0000000,0x00000000f0000000,0x00000000fb380000)
  from space 20992K, 0% used [0x00000000fb380000,0x00000000fb380000,0x00000000fc800000)
  to   space 19968K, 0% used [0x00000000fec80000,0x00000000fec80000,0x0000000100000000)
 ParOldGen       total 70144K, used 27875K [0x00000000d0000000, 0x00000000d4480000, 0x00000000f0000000)
  object space 70144K, 39% used [0x00000000d0000000,0x00000000d1b38fa0,0x00000000d4480000)
 Metaspace       used 20682K, capacity 21116K, committed 21296K, reserved 1069056K
  class space    used 2416K, capacity 2594K, committed 2688K, reserved 1048576K
}
Event: 44.488 GC heap before
{Heap before GC invocations=11 (full 1):
 PSYoungGen      total 204800K, used 183808K [0x00000000f0000000, 0x0000000100000000, 0x0000000100000000)
  eden space 183808K, 100% used [0x00000000f0000000,0x00000000fb380000,0x00000000fb380000)
  from space 20992K, 0% used [0x00000000fb380000,0x00000000fb380000,0x00000000fc800000)
  to   space 19968K, 0% used [0x00000000fec80000,0x00000000fec80000,0x0000000100000000)
 ParOldGen       total 70144K, used 27875K [0x00000000d0000000, 0x00000000d4480000, 0x00000000f0000000)
  object space 70144K, 39% used [0x00000000d0000000,0x00000000d1b38fa0,0x00000000d4480000)
 Metaspace       used 25568K, capacity 26150K, committed 26368K, reserved 1073152K
  class space    used 3027K, capacity 3227K, committed 3328K, reserved 1048576K
Event: 44.561 GC heap after
Heap after GC invocations=11 (full 1):
 PSYoungGen      total 240128K, used 15900K [0x00000000f0000000, 0x0000000100000000, 0x0000000100000000)
  eden space 220160K, 0% used [0x00000000f0000000,0x00000000f0000000,0x00000000fd700000)
  from space 19968K, 79% used [0x00000000fec80000,0x00000000ffc07290,0x0000000100000000)
  to   space 20992K, 0% used [0x00000000fd700000,0x00000000fd700000,0x00000000feb80000)
 ParOldGen       total 70144K, used 27875K [0x00000000d0000000, 0x00000000d4480000, 0x00000000f0000000)
  object space 70144K, 39% used [0x00000000d0000000,0x00000000d1b38fa0,0x00000000d4480000)
 Metaspace       used 25568K, capacity 26150K, committed 26368K, reserved 1073152K
  class space    used 3027K, capacity 3227K, committed 3328K, reserved 1048576K
}

